#
# There is insufficient memory for the Java Runtime Environment to continue.
# Native memory allocation (malloc) failed to allocate 1094256 bytes for Chunk::new
# Possible reasons:
#   The system is out of physical RAM or swap space
#   The process is running with CompressedOops enabled, and the Java Heap may be blocking the growth of the native heap
# Possible solutions:
#   Reduce memory load on the system
#   Increase physical memory or swap space
#   Check if swap backing store is full
#   Decrease Java heap size (-Xmx/-Xms)
#   Decrease number of Java threads
#   Decrease Java thread stack sizes (-Xss)
#   Set larger code cache with -XX:ReservedCodeCacheSize=
#   JVM is running with Unscaled Compressed Oops mode in which the Java heap is
#     placed in the first 4GB address space. The Java Heap base address is the
#     maximum limit for the native heap growth. Please use -XX:HeapBaseMinAddress
#     to set the Java Heap base and to place the Java Heap above 4GB virtual address.
# This output file may be truncated or incomplete.
#
#  Out of Memory Error (arena.cpp:189), pid=8200, tid=17400
#
# JRE version: Java(TM) SE Runtime Environment (17.0.8+9) (build 17.0.8+9-LTS-211)
# Java VM: Java HotSpot(TM) 64-Bit Server VM (17.0.8+9-LTS-211, mixed mode, sharing, tiered, compressed oops, compressed class ptrs, g1 gc, windows-amd64)
# No core dump will be written. Minidumps are not enabled by default on client versions of Windows
#

---------------  S U M M A R Y ------------

Command Line: --add-opens=java.base/java.util=ALL-UNNAMED --add-opens=java.base/java.lang=ALL-UNNAMED --add-opens=java.base/java.lang.invoke=ALL-UNNAMED --add-opens=java.prefs/java.util.prefs=ALL-UNNAMED --add-opens=java.base/java.nio.charset=ALL-UNNAMED --add-opens=java.base/java.net=ALL-UNNAMED --add-opens=java.base/java.util.concurrent.atomic=ALL-UNNAMED -XX:MaxMetaspaceSize=384m -XX:+HeapDumpOnOutOfMemoryError -Xms256m -Xmx512m -Dfile.encoding=windows-1252 -Duser.country=US -Duser.language=en -Duser.variant -javaagent:C:\Users\phgss\.gradle\wrapper\dists\gradle-8.6-bin\afr5mpiioh2wthjmwnkmdsd5w\gradle-8.6\lib\agents\gradle-instrumentation-agent-8.6.jar org.gradle.launcher.daemon.bootstrap.GradleDaemon 8.6

Host: Intel(R) Core(TM) i5-8265U CPU @ 1.60GHz, 8 cores, 7G,  Windows 11 , 64 bit Build 22621 (10.0.22621.3374)
Time: Sat Apr 20 15:34:02 2024 SE Asia Standard Time elapsed time: 128.255497 seconds (0d 0h 2m 8s)

---------------  T H R E A D  ---------------

Current thread (0x0000020faa7e4d70):  JavaThread "C2 CompilerThread0" daemon [_thread_in_native, id=17400, stack(0x000000a50e900000,0x000000a50ea00000)]


Current CompileTask:
C2: 128255 2585       4       javax.management.ObjectName::construct (1135 bytes)

Stack: [0x000000a50e900000,0x000000a50ea00000]
Native frames: (J=compiled Java code, j=interpreted, Vv=VM code, C=native code)
V  [jvm.dll+0x677d0a]
V  [jvm.dll+0x7d8c54]
V  [jvm.dll+0x7da3fe]
V  [jvm.dll+0x7daa63]
V  [jvm.dll+0x245c5f]
V  [jvm.dll+0xaaa6b]
V  [jvm.dll+0xab00c]
V  [jvm.dll+0x361e3f]
V  [jvm.dll+0x32c551]
V  [jvm.dll+0x32b9ea]
V  [jvm.dll+0x217fff]
V  [jvm.dll+0x217431]
V  [jvm.dll+0x1a3af0]
V  [jvm.dll+0x2270be]
V  [jvm.dll+0x22535b]
V  [jvm.dll+0x78e7bc]
V  [jvm.dll+0x788bba]
V  [jvm.dll+0x676b35]
C  [ucrtbase.dll+0x29333]
C  [KERNEL32.DLL+0x1257d]
C  [ntdll.dll+0x5aa48]


---------------  P R O C E S S  ---------------

Threads class SMR info:
_java_thread_list=0x0000020fc4fc88e0, length=26, elements={
0x0000020f8fed0520, 0x0000020faa7c4e80, 0x0000020faa7c5cf0, 0x0000020faa7dfdc0,
0x0000020faa7e0970, 0x0000020faa7e1520, 0x0000020faa7e3fe0, 0x0000020faa7e4d70,
0x0000020faa7e69d0, 0x0000020faa948810, 0x0000020faa7af410, 0x0000020faaaa1e90,
0x0000020fc5589010, 0x0000020fc5bb8ec0, 0x0000020fc56a3ac0, 0x0000020fc50e74a0,
0x0000020fc46ca750, 0x0000020faaa723e0, 0x0000020faa97b200, 0x0000020fc4847050,
0x0000020fc4509870, 0x0000020fc4507b90, 0x0000020fc450a6e0, 0x0000020fc4508060,
0x0000020fc4508530, 0x0000020fc4506d20
}

Java Threads: ( => current thread )
  0x0000020f8fed0520 JavaThread "main" [_thread_blocked, id=3240, stack(0x000000a50dc00000,0x000000a50dd00000)]
  0x0000020faa7c4e80 JavaThread "Reference Handler" daemon [_thread_blocked, id=16924, stack(0x000000a50e300000,0x000000a50e400000)]
  0x0000020faa7c5cf0 JavaThread "Finalizer" daemon [_thread_blocked, id=13788, stack(0x000000a50e400000,0x000000a50e500000)]
  0x0000020faa7dfdc0 JavaThread "Signal Dispatcher" daemon [_thread_blocked, id=1980, stack(0x000000a50e500000,0x000000a50e600000)]
  0x0000020faa7e0970 JavaThread "Attach Listener" daemon [_thread_blocked, id=17332, stack(0x000000a50e600000,0x000000a50e700000)]
  0x0000020faa7e1520 JavaThread "Service Thread" daemon [_thread_blocked, id=12392, stack(0x000000a50e700000,0x000000a50e800000)]
  0x0000020faa7e3fe0 JavaThread "Monitor Deflation Thread" daemon [_thread_blocked, id=8776, stack(0x000000a50e800000,0x000000a50e900000)]
=>0x0000020faa7e4d70 JavaThread "C2 CompilerThread0" daemon [_thread_in_native, id=17400, stack(0x000000a50e900000,0x000000a50ea00000)]
  0x0000020faa7e69d0 JavaThread "C1 CompilerThread0" daemon [_thread_blocked, id=13536, stack(0x000000a50ea00000,0x000000a50eb00000)]
  0x0000020faa948810 JavaThread "Sweeper thread" daemon [_thread_blocked, id=7528, stack(0x000000a50eb00000,0x000000a50ec00000)]
  0x0000020faa7af410 JavaThread "Common-Cleaner" daemon [_thread_blocked, id=13520, stack(0x000000a50ec00000,0x000000a50ed00000)]
  0x0000020faaaa1e90 JavaThread "Notification Thread" daemon [_thread_blocked, id=5664, stack(0x000000a50ed00000,0x000000a50ee00000)]
  0x0000020fc5589010 JavaThread "Daemon health stats" [_thread_blocked, id=15444, stack(0x000000a50ef00000,0x000000a50f000000)]
  0x0000020fc5bb8ec0 JavaThread "Incoming local TCP Connector on port 51135" [_thread_in_native, id=16552, stack(0x000000a50f500000,0x000000a50f600000)]
  0x0000020fc56a3ac0 JavaThread "Daemon periodic checks" [_thread_in_native, id=13332, stack(0x000000a50f600000,0x000000a50f700000)]
  0x0000020fc50e74a0 JavaThread "Daemon" [_thread_blocked, id=6824, stack(0x000000a50f700000,0x000000a50f800000)]
  0x0000020fc46ca750 JavaThread "Handler for socket connection from /127.0.0.1:51135 to /127.0.0.1:51154" [_thread_in_native, id=2744, stack(0x000000a50f800000,0x000000a50f900000)]
  0x0000020faaa723e0 JavaThread "Cancel handler" [_thread_blocked, id=16884, stack(0x000000a50f900000,0x000000a50fa00000)]
  0x0000020faa97b200 JavaThread "Daemon worker" [_thread_in_vm, id=17288, stack(0x000000a50d900000,0x000000a50da00000)]
  0x0000020fc4847050 JavaThread "Asynchronous log dispatcher for DefaultDaemonConnection: socket connection from /127.0.0.1:51135 to /127.0.0.1:51154" [_thread_blocked, id=8368, stack(0x000000a50da00000,0x000000a50db00000)]
  0x0000020fc4509870 JavaThread "Stdin handler" [_thread_blocked, id=5256, stack(0x000000a50db00000,0x000000a50dc00000)]
  0x0000020fc4507b90 JavaThread "Daemon client event forwarder" [_thread_blocked, id=16188, stack(0x000000a50fc00000,0x000000a50fd00000)]
  0x0000020fc450a6e0 JavaThread "Cache worker for journal cache (C:\Users\phgss\.gradle\caches\journal-1)" [_thread_blocked, id=14060, stack(0x000000a50fd00000,0x000000a50fe00000)]
  0x0000020fc4508060 JavaThread "File lock request listener" [_thread_in_native, id=12748, stack(0x000000a50fe00000,0x000000a50ff00000)]
  0x0000020fc4508530 JavaThread "Cache worker for file hash cache (C:\Users\phgss\.gradle\caches\8.6\fileHashes)" [_thread_blocked, id=6028, stack(0x000000a50ff00000,0x000000a510000000)]
  0x0000020fc4506d20 JavaThread "File lock release action executor" [_thread_blocked, id=14996, stack(0x000000a510000000,0x000000a510100000)]

Other Threads:
  0x0000020faa7beae0 VMThread "VM Thread" [stack: 0x000000a50e200000,0x000000a50e300000] [id=12724]
  0x0000020faaaea960 WatcherThread [stack: 0x000000a50ee00000,0x000000a50ef00000] [id=15488]
  0x0000020f8ff004d0 GCTaskThread "GC Thread#0" [stack: 0x000000a50dd00000,0x000000a50de00000] [id=6108]
  0x0000020fc4699ae0 GCTaskThread "GC Thread#1" [stack: 0x000000a50f000000,0x000000a50f100000] [id=2156]
  0x0000020faab2a8d0 GCTaskThread "GC Thread#2" [stack: 0x000000a50f100000,0x000000a50f200000] [id=336]
  0x0000020fc4bac930 GCTaskThread "GC Thread#3" [stack: 0x000000a50f200000,0x000000a50f300000] [id=12656]
  0x0000020fc49d7770 GCTaskThread "GC Thread#4" [stack: 0x000000a50f300000,0x000000a50f400000] [id=1464]
  0x0000020fc49d7a20 GCTaskThread "GC Thread#5" [stack: 0x000000a50f400000,0x000000a50f500000] [id=9144]
  0x0000020f8ff05410 ConcurrentGCThread "G1 Main Marker" [stack: 0x000000a50de00000,0x000000a50df00000] [id=16776]
  0x0000020f8ff06e30 ConcurrentGCThread "G1 Conc#0" [stack: 0x000000a50df00000,0x000000a50e000000] [id=4056]
  0x0000020f8ff9eb80 ConcurrentGCThread "G1 Refine#0" [stack: 0x000000a50e000000,0x000000a50e100000] [id=15080]
  0x0000020faa684730 ConcurrentGCThread "G1 Service" [stack: 0x000000a50e100000,0x000000a50e200000] [id=15212]

Threads with active compile tasks:
C2 CompilerThread0   128332 2585       4       javax.management.ObjectName::construct (1135 bytes)

VM state: not at safepoint (normal execution)

VM Mutex/Monitor currently owned by a thread: None

Heap address: 0x00000000e0000000, size: 512 MB, Compressed Oops mode: 32-bit

CDS archive(s) mapped at: [0x0000020fab000000-0x0000020fabbd0000-0x0000020fabbd0000), size 12386304, SharedBaseAddress: 0x0000020fab000000, ArchiveRelocationMode: 1.
Compressed class space mapped at: 0x0000020fac000000-0x0000020fc0000000, reserved size: 335544320
Narrow klass base: 0x0000020fab000000, Narrow klass shift: 0, Narrow klass range: 0x100000000

GC Precious Log:
 CPUs: 8 total, 8 available
 Memory: 8043M
 Large Page Support: Disabled
 NUMA Support: Disabled
 Compressed Oops: Enabled (32-bit)
 Heap Region Size: 1M
 Heap Min Capacity: 256M
 Heap Initial Capacity: 256M
 Heap Max Capacity: 512M
 Pre-touch: Disabled
 Parallel Workers: 8
 Concurrent Workers: 2
 Concurrent Refinement Workers: 8
 Periodic GC: Disabled

Heap:
 garbage-first heap   total 262144K, used 97474K [0x00000000e0000000, 0x0000000100000000)
  region size 1024K, 85 young (87040K), 1 survivors (1024K)
 Metaspace       used 16665K, committed 16960K, reserved 393216K
  class space    used 2356K, committed 2496K, reserved 327680K

Heap Regions: E=young(eden), S=young(survivor), O=old, HS=humongous(starts), HC=humongous(continues), CS=collection set, F=free, OA=open archive, CA=closed archive, TAMS=top-at-mark-start (previous, next)
|   0|0x00000000e0000000, 0x00000000e0100000, 0x00000000e0100000|100%|HS|  |TAMS 0x00000000e0000000, 0x00000000e0000000| Complete 
|   1|0x00000000e0100000, 0x00000000e0200000, 0x00000000e0200000|100%|HC|  |TAMS 0x00000000e0100000, 0x00000000e0100000| Complete 
|   2|0x00000000e0200000, 0x00000000e0300000, 0x00000000e0300000|100%|HC|  |TAMS 0x00000000e0200000, 0x00000000e0200000| Complete 
|   3|0x00000000e0300000, 0x00000000e0400000, 0x00000000e0400000|100%|HC|  |TAMS 0x00000000e0300000, 0x00000000e0300000| Complete 
|   4|0x00000000e0400000, 0x00000000e0500000, 0x00000000e0500000|100%| O|  |TAMS 0x00000000e0400000, 0x00000000e0400000| Untracked 
|   5|0x00000000e0500000, 0x00000000e0600000, 0x00000000e0600000|100%| O|  |TAMS 0x00000000e0500000, 0x00000000e0500000| Untracked 
|   6|0x00000000e0600000, 0x00000000e0700000, 0x00000000e0700000|100%| O|  |TAMS 0x00000000e0600000, 0x00000000e0600000| Untracked 
|   7|0x00000000e0700000, 0x00000000e0800000, 0x00000000e0800000|100%| O|  |TAMS 0x00000000e0700000, 0x00000000e0700000| Untracked 
|   8|0x00000000e0800000, 0x00000000e0900000, 0x00000000e0900000|100%| O|  |TAMS 0x00000000e0800000, 0x00000000e0800000| Untracked 
|   9|0x00000000e0900000, 0x00000000e0a00000, 0x00000000e0a00000|100%| O|  |TAMS 0x00000000e0900000, 0x00000000e0900000| Untracked 
|  10|0x00000000e0a00000, 0x00000000e0a7ca00, 0x00000000e0b00000| 48%| O|  |TAMS 0x00000000e0a00000, 0x00000000e0a00000| Untracked 
|  11|0x00000000e0b00000, 0x00000000e0c00000, 0x00000000e0c00000|100%|HS|  |TAMS 0x00000000e0b00000, 0x00000000e0b00000| Complete 
|  12|0x00000000e0c00000, 0x00000000e0c00000, 0x00000000e0d00000|  0%| F|  |TAMS 0x00000000e0c00000, 0x00000000e0c00000| Untracked 
|  13|0x00000000e0d00000, 0x00000000e0d00000, 0x00000000e0e00000|  0%| F|  |TAMS 0x00000000e0d00000, 0x00000000e0d00000| Untracked 
|  14|0x00000000e0e00000, 0x00000000e0e00000, 0x00000000e0f00000|  0%| F|  |TAMS 0x00000000e0e00000, 0x00000000e0e00000| Untracked 
|  15|0x00000000e0f00000, 0x00000000e0f00000, 0x00000000e1000000|  0%| F|  |TAMS 0x00000000e0f00000, 0x00000000e0f00000| Untracked 
|  16|0x00000000e1000000, 0x00000000e1000000, 0x00000000e1100000|  0%| F|  |TAMS 0x00000000e1000000, 0x00000000e1000000| Untracked 
|  17|0x00000000e1100000, 0x00000000e1100000, 0x00000000e1200000|  0%| F|  |TAMS 0x00000000e1100000, 0x00000000e1100000| Untracked 
|  18|0x00000000e1200000, 0x00000000e1200000, 0x00000000e1300000|  0%| F|  |TAMS 0x00000000e1200000, 0x00000000e1200000| Untracked 
|  19|0x00000000e1300000, 0x00000000e1300000, 0x00000000e1400000|  0%| F|  |TAMS 0x00000000e1300000, 0x00000000e1300000| Untracked 
|  20|0x00000000e1400000, 0x00000000e1400000, 0x00000000e1500000|  0%| F|  |TAMS 0x00000000e1400000, 0x00000000e1400000| Untracked 
|  21|0x00000000e1500000, 0x00000000e1500000, 0x00000000e1600000|  0%| F|  |TAMS 0x00000000e1500000, 0x00000000e1500000| Untracked 
|  22|0x00000000e1600000, 0x00000000e1600000, 0x00000000e1700000|  0%| F|  |TAMS 0x00000000e1600000, 0x00000000e1600000| Untracked 
|  23|0x00000000e1700000, 0x00000000e1700000, 0x00000000e1800000|  0%| F|  |TAMS 0x00000000e1700000, 0x00000000e1700000| Untracked 
|  24|0x00000000e1800000, 0x00000000e1800000, 0x00000000e1900000|  0%| F|  |TAMS 0x00000000e1800000, 0x00000000e1800000| Untracked 
|  25|0x00000000e1900000, 0x00000000e1900000, 0x00000000e1a00000|  0%| F|  |TAMS 0x00000000e1900000, 0x00000000e1900000| Untracked 
|  26|0x00000000e1a00000, 0x00000000e1a00000, 0x00000000e1b00000|  0%| F|  |TAMS 0x00000000e1a00000, 0x00000000e1a00000| Untracked 
|  27|0x00000000e1b00000, 0x00000000e1b00000, 0x00000000e1c00000|  0%| F|  |TAMS 0x00000000e1b00000, 0x00000000e1b00000| Untracked 
|  28|0x00000000e1c00000, 0x00000000e1c00000, 0x00000000e1d00000|  0%| F|  |TAMS 0x00000000e1c00000, 0x00000000e1c00000| Untracked 
|  29|0x00000000e1d00000, 0x00000000e1d00000, 0x00000000e1e00000|  0%| F|  |TAMS 0x00000000e1d00000, 0x00000000e1d00000| Untracked 
|  30|0x00000000e1e00000, 0x00000000e1e00000, 0x00000000e1f00000|  0%| F|  |TAMS 0x00000000e1e00000, 0x00000000e1e00000| Untracked 
|  31|0x00000000e1f00000, 0x00000000e1f00000, 0x00000000e2000000|  0%| F|  |TAMS 0x00000000e1f00000, 0x00000000e1f00000| Untracked 
|  32|0x00000000e2000000, 0x00000000e2000000, 0x00000000e2100000|  0%| F|  |TAMS 0x00000000e2000000, 0x00000000e2000000| Untracked 
|  33|0x00000000e2100000, 0x00000000e2100000, 0x00000000e2200000|  0%| F|  |TAMS 0x00000000e2100000, 0x00000000e2100000| Untracked 
|  34|0x00000000e2200000, 0x00000000e2200000, 0x00000000e2300000|  0%| F|  |TAMS 0x00000000e2200000, 0x00000000e2200000| Untracked 
|  35|0x00000000e2300000, 0x00000000e2300000, 0x00000000e2400000|  0%| F|  |TAMS 0x00000000e2300000, 0x00000000e2300000| Untracked 
|  36|0x00000000e2400000, 0x00000000e2400000, 0x00000000e2500000|  0%| F|  |TAMS 0x00000000e2400000, 0x00000000e2400000| Untracked 
|  37|0x00000000e2500000, 0x00000000e2500000, 0x00000000e2600000|  0%| F|  |TAMS 0x00000000e2500000, 0x00000000e2500000| Untracked 
|  38|0x00000000e2600000, 0x00000000e2600000, 0x00000000e2700000|  0%| F|  |TAMS 0x00000000e2600000, 0x00000000e2600000| Untracked 
|  39|0x00000000e2700000, 0x00000000e2700000, 0x00000000e2800000|  0%| F|  |TAMS 0x00000000e2700000, 0x00000000e2700000| Untracked 
|  40|0x00000000e2800000, 0x00000000e2800000, 0x00000000e2900000|  0%| F|  |TAMS 0x00000000e2800000, 0x00000000e2800000| Untracked 
|  41|0x00000000e2900000, 0x00000000e2900000, 0x00000000e2a00000|  0%| F|  |TAMS 0x00000000e2900000, 0x00000000e2900000| Untracked 
|  42|0x00000000e2a00000, 0x00000000e2a00000, 0x00000000e2b00000|  0%| F|  |TAMS 0x00000000e2a00000, 0x00000000e2a00000| Untracked 
|  43|0x00000000e2b00000, 0x00000000e2b00000, 0x00000000e2c00000|  0%| F|  |TAMS 0x00000000e2b00000, 0x00000000e2b00000| Untracked 
|  44|0x00000000e2c00000, 0x00000000e2c00000, 0x00000000e2d00000|  0%| F|  |TAMS 0x00000000e2c00000, 0x00000000e2c00000| Untracked 
|  45|0x00000000e2d00000, 0x00000000e2d00000, 0x00000000e2e00000|  0%| F|  |TAMS 0x00000000e2d00000, 0x00000000e2d00000| Untracked 
|  46|0x00000000e2e00000, 0x00000000e2e00000, 0x00000000e2f00000|  0%| F|  |TAMS 0x00000000e2e00000, 0x00000000e2e00000| Untracked 
|  47|0x00000000e2f00000, 0x00000000e2f00000, 0x00000000e3000000|  0%| F|  |TAMS 0x00000000e2f00000, 0x00000000e2f00000| Untracked 
|  48|0x00000000e3000000, 0x00000000e3000000, 0x00000000e3100000|  0%| F|  |TAMS 0x00000000e3000000, 0x00000000e3000000| Untracked 
|  49|0x00000000e3100000, 0x00000000e3100000, 0x00000000e3200000|  0%| F|  |TAMS 0x00000000e3100000, 0x00000000e3100000| Untracked 
|  50|0x00000000e3200000, 0x00000000e3200000, 0x00000000e3300000|  0%| F|  |TAMS 0x00000000e3200000, 0x00000000e3200000| Untracked 
|  51|0x00000000e3300000, 0x00000000e3300000, 0x00000000e3400000|  0%| F|  |TAMS 0x00000000e3300000, 0x00000000e3300000| Untracked 
|  52|0x00000000e3400000, 0x00000000e3400000, 0x00000000e3500000|  0%| F|  |TAMS 0x00000000e3400000, 0x00000000e3400000| Untracked 
|  53|0x00000000e3500000, 0x00000000e3500000, 0x00000000e3600000|  0%| F|  |TAMS 0x00000000e3500000, 0x00000000e3500000| Untracked 
|  54|0x00000000e3600000, 0x00000000e3600000, 0x00000000e3700000|  0%| F|  |TAMS 0x00000000e3600000, 0x00000000e3600000| Untracked 
|  55|0x00000000e3700000, 0x00000000e3700000, 0x00000000e3800000|  0%| F|  |TAMS 0x00000000e3700000, 0x00000000e3700000| Untracked 
|  56|0x00000000e3800000, 0x00000000e3800000, 0x00000000e3900000|  0%| F|  |TAMS 0x00000000e3800000, 0x00000000e3800000| Untracked 
|  57|0x00000000e3900000, 0x00000000e3900000, 0x00000000e3a00000|  0%| F|  |TAMS 0x00000000e3900000, 0x00000000e3900000| Untracked 
|  58|0x00000000e3a00000, 0x00000000e3a00000, 0x00000000e3b00000|  0%| F|  |TAMS 0x00000000e3a00000, 0x00000000e3a00000| Untracked 
|  59|0x00000000e3b00000, 0x00000000e3b00000, 0x00000000e3c00000|  0%| F|  |TAMS 0x00000000e3b00000, 0x00000000e3b00000| Untracked 
|  60|0x00000000e3c00000, 0x00000000e3c00000, 0x00000000e3d00000|  0%| F|  |TAMS 0x00000000e3c00000, 0x00000000e3c00000| Untracked 
|  61|0x00000000e3d00000, 0x00000000e3d00000, 0x00000000e3e00000|  0%| F|  |TAMS 0x00000000e3d00000, 0x00000000e3d00000| Untracked 
|  62|0x00000000e3e00000, 0x00000000e3e00000, 0x00000000e3f00000|  0%| F|  |TAMS 0x00000000e3e00000, 0x00000000e3e00000| Untracked 
|  63|0x00000000e3f00000, 0x00000000e3f00000, 0x00000000e4000000|  0%| F|  |TAMS 0x00000000e3f00000, 0x00000000e3f00000| Untracked 
|  64|0x00000000e4000000, 0x00000000e4000000, 0x00000000e4100000|  0%| F|  |TAMS 0x00000000e4000000, 0x00000000e4000000| Untracked 
|  65|0x00000000e4100000, 0x00000000e4100000, 0x00000000e4200000|  0%| F|  |TAMS 0x00000000e4100000, 0x00000000e4100000| Untracked 
|  66|0x00000000e4200000, 0x00000000e4200000, 0x00000000e4300000|  0%| F|  |TAMS 0x00000000e4200000, 0x00000000e4200000| Untracked 
|  67|0x00000000e4300000, 0x00000000e4300000, 0x00000000e4400000|  0%| F|  |TAMS 0x00000000e4300000, 0x00000000e4300000| Untracked 
|  68|0x00000000e4400000, 0x00000000e4400000, 0x00000000e4500000|  0%| F|  |TAMS 0x00000000e4400000, 0x00000000e4400000| Untracked 
|  69|0x00000000e4500000, 0x00000000e4500000, 0x00000000e4600000|  0%| F|  |TAMS 0x00000000e4500000, 0x00000000e4500000| Untracked 
|  70|0x00000000e4600000, 0x00000000e4600000, 0x00000000e4700000|  0%| F|  |TAMS 0x00000000e4600000, 0x00000000e4600000| Untracked 
|  71|0x00000000e4700000, 0x00000000e4700000, 0x00000000e4800000|  0%| F|  |TAMS 0x00000000e4700000, 0x00000000e4700000| Untracked 
|  72|0x00000000e4800000, 0x00000000e4800000, 0x00000000e4900000|  0%| F|  |TAMS 0x00000000e4800000, 0x00000000e4800000| Untracked 
|  73|0x00000000e4900000, 0x00000000e4900000, 0x00000000e4a00000|  0%| F|  |TAMS 0x00000000e4900000, 0x00000000e4900000| Untracked 
|  74|0x00000000e4a00000, 0x00000000e4a00000, 0x00000000e4b00000|  0%| F|  |TAMS 0x00000000e4a00000, 0x00000000e4a00000| Untracked 
|  75|0x00000000e4b00000, 0x00000000e4b00000, 0x00000000e4c00000|  0%| F|  |TAMS 0x00000000e4b00000, 0x00000000e4b00000| Untracked 
|  76|0x00000000e4c00000, 0x00000000e4c00000, 0x00000000e4d00000|  0%| F|  |TAMS 0x00000000e4c00000, 0x00000000e4c00000| Untracked 
|  77|0x00000000e4d00000, 0x00000000e4d00000, 0x00000000e4e00000|  0%| F|  |TAMS 0x00000000e4d00000, 0x00000000e4d00000| Untracked 
|  78|0x00000000e4e00000, 0x00000000e4e00000, 0x00000000e4f00000|  0%| F|  |TAMS 0x00000000e4e00000, 0x00000000e4e00000| Untracked 
|  79|0x00000000e4f00000, 0x00000000e4f00000, 0x00000000e5000000|  0%| F|  |TAMS 0x00000000e4f00000, 0x00000000e4f00000| Untracked 
|  80|0x00000000e5000000, 0x00000000e5000000, 0x00000000e5100000|  0%| F|  |TAMS 0x00000000e5000000, 0x00000000e5000000| Untracked 
|  81|0x00000000e5100000, 0x00000000e5100000, 0x00000000e5200000|  0%| F|  |TAMS 0x00000000e5100000, 0x00000000e5100000| Untracked 
|  82|0x00000000e5200000, 0x00000000e5200000, 0x00000000e5300000|  0%| F|  |TAMS 0x00000000e5200000, 0x00000000e5200000| Untracked 
|  83|0x00000000e5300000, 0x00000000e5300000, 0x00000000e5400000|  0%| F|  |TAMS 0x00000000e5300000, 0x00000000e5300000| Untracked 
|  84|0x00000000e5400000, 0x00000000e5400000, 0x00000000e5500000|  0%| F|  |TAMS 0x00000000e5400000, 0x00000000e5400000| Untracked 
|  85|0x00000000e5500000, 0x00000000e5500000, 0x00000000e5600000|  0%| F|  |TAMS 0x00000000e5500000, 0x00000000e5500000| Untracked 
|  86|0x00000000e5600000, 0x00000000e5600000, 0x00000000e5700000|  0%| F|  |TAMS 0x00000000e5600000, 0x00000000e5600000| Untracked 
|  87|0x00000000e5700000, 0x00000000e5700000, 0x00000000e5800000|  0%| F|  |TAMS 0x00000000e5700000, 0x00000000e5700000| Untracked 
|  88|0x00000000e5800000, 0x00000000e5800000, 0x00000000e5900000|  0%| F|  |TAMS 0x00000000e5800000, 0x00000000e5800000| Untracked 
|  89|0x00000000e5900000, 0x00000000e5900000, 0x00000000e5a00000|  0%| F|  |TAMS 0x00000000e5900000, 0x00000000e5900000| Untracked 
|  90|0x00000000e5a00000, 0x00000000e5a00000, 0x00000000e5b00000|  0%| F|  |TAMS 0x00000000e5a00000, 0x00000000e5a00000| Untracked 
|  91|0x00000000e5b00000, 0x00000000e5b00000, 0x00000000e5c00000|  0%| F|  |TAMS 0x00000000e5b00000, 0x00000000e5b00000| Untracked 
|  92|0x00000000e5c00000, 0x00000000e5c00000, 0x00000000e5d00000|  0%| F|  |TAMS 0x00000000e5c00000, 0x00000000e5c00000| Untracked 
|  93|0x00000000e5d00000, 0x00000000e5d00000, 0x00000000e5e00000|  0%| F|  |TAMS 0x00000000e5d00000, 0x00000000e5d00000| Untracked 
|  94|0x00000000e5e00000, 0x00000000e5e00000, 0x00000000e5f00000|  0%| F|  |TAMS 0x00000000e5e00000, 0x00000000e5e00000| Untracked 
|  95|0x00000000e5f00000, 0x00000000e5f00000, 0x00000000e6000000|  0%| F|  |TAMS 0x00000000e5f00000, 0x00000000e5f00000| Untracked 
|  96|0x00000000e6000000, 0x00000000e6000000, 0x00000000e6100000|  0%| F|  |TAMS 0x00000000e6000000, 0x00000000e6000000| Untracked 
|  97|0x00000000e6100000, 0x00000000e6100000, 0x00000000e6200000|  0%| F|  |TAMS 0x00000000e6100000, 0x00000000e6100000| Untracked 
|  98|0x00000000e6200000, 0x00000000e6200000, 0x00000000e6300000|  0%| F|  |TAMS 0x00000000e6200000, 0x00000000e6200000| Untracked 
|  99|0x00000000e6300000, 0x00000000e6300000, 0x00000000e6400000|  0%| F|  |TAMS 0x00000000e6300000, 0x00000000e6300000| Untracked 
| 100|0x00000000e6400000, 0x00000000e6400000, 0x00000000e6500000|  0%| F|  |TAMS 0x00000000e6400000, 0x00000000e6400000| Untracked 
| 101|0x00000000e6500000, 0x00000000e6500000, 0x00000000e6600000|  0%| F|  |TAMS 0x00000000e6500000, 0x00000000e6500000| Untracked 
| 102|0x00000000e6600000, 0x00000000e6600000, 0x00000000e6700000|  0%| F|  |TAMS 0x00000000e6600000, 0x00000000e6600000| Untracked 
| 103|0x00000000e6700000, 0x00000000e6700000, 0x00000000e6800000|  0%| F|  |TAMS 0x00000000e6700000, 0x00000000e6700000| Untracked 
| 104|0x00000000e6800000, 0x00000000e6800000, 0x00000000e6900000|  0%| F|  |TAMS 0x00000000e6800000, 0x00000000e6800000| Untracked 
| 105|0x00000000e6900000, 0x00000000e6900000, 0x00000000e6a00000|  0%| F|  |TAMS 0x00000000e6900000, 0x00000000e6900000| Untracked 
| 106|0x00000000e6a00000, 0x00000000e6a00000, 0x00000000e6b00000|  0%| F|  |TAMS 0x00000000e6a00000, 0x00000000e6a00000| Untracked 
| 107|0x00000000e6b00000, 0x00000000e6b00000, 0x00000000e6c00000|  0%| F|  |TAMS 0x00000000e6b00000, 0x00000000e6b00000| Untracked 
| 108|0x00000000e6c00000, 0x00000000e6c00000, 0x00000000e6d00000|  0%| F|  |TAMS 0x00000000e6c00000, 0x00000000e6c00000| Untracked 
| 109|0x00000000e6d00000, 0x00000000e6d00000, 0x00000000e6e00000|  0%| F|  |TAMS 0x00000000e6d00000, 0x00000000e6d00000| Untracked 
| 110|0x00000000e6e00000, 0x00000000e6e00000, 0x00000000e6f00000|  0%| F|  |TAMS 0x00000000e6e00000, 0x00000000e6e00000| Untracked 
| 111|0x00000000e6f00000, 0x00000000e6f00000, 0x00000000e7000000|  0%| F|  |TAMS 0x00000000e6f00000, 0x00000000e6f00000| Untracked 
| 112|0x00000000e7000000, 0x00000000e7000000, 0x00000000e7100000|  0%| F|  |TAMS 0x00000000e7000000, 0x00000000e7000000| Untracked 
| 113|0x00000000e7100000, 0x00000000e7100000, 0x00000000e7200000|  0%| F|  |TAMS 0x00000000e7100000, 0x00000000e7100000| Untracked 
| 114|0x00000000e7200000, 0x00000000e7200000, 0x00000000e7300000|  0%| F|  |TAMS 0x00000000e7200000, 0x00000000e7200000| Untracked 
| 115|0x00000000e7300000, 0x00000000e7300000, 0x00000000e7400000|  0%| F|  |TAMS 0x00000000e7300000, 0x00000000e7300000| Untracked 
| 116|0x00000000e7400000, 0x00000000e7400000, 0x00000000e7500000|  0%| F|  |TAMS 0x00000000e7400000, 0x00000000e7400000| Untracked 
| 117|0x00000000e7500000, 0x00000000e7500000, 0x00000000e7600000|  0%| F|  |TAMS 0x00000000e7500000, 0x00000000e7500000| Untracked 
| 118|0x00000000e7600000, 0x00000000e7600000, 0x00000000e7700000|  0%| F|  |TAMS 0x00000000e7600000, 0x00000000e7600000| Untracked 
| 119|0x00000000e7700000, 0x00000000e7700000, 0x00000000e7800000|  0%| F|  |TAMS 0x00000000e7700000, 0x00000000e7700000| Untracked 
| 120|0x00000000e7800000, 0x00000000e7800000, 0x00000000e7900000|  0%| F|  |TAMS 0x00000000e7800000, 0x00000000e7800000| Untracked 
| 121|0x00000000e7900000, 0x00000000e7900000, 0x00000000e7a00000|  0%| F|  |TAMS 0x00000000e7900000, 0x00000000e7900000| Untracked 
| 122|0x00000000e7a00000, 0x00000000e7a00000, 0x00000000e7b00000|  0%| F|  |TAMS 0x00000000e7a00000, 0x00000000e7a00000| Untracked 
| 123|0x00000000e7b00000, 0x00000000e7b00000, 0x00000000e7c00000|  0%| F|  |TAMS 0x00000000e7b00000, 0x00000000e7b00000| Untracked 
| 124|0x00000000e7c00000, 0x00000000e7c00000, 0x00000000e7d00000|  0%| F|  |TAMS 0x00000000e7c00000, 0x00000000e7c00000| Untracked 
| 125|0x00000000e7d00000, 0x00000000e7d00000, 0x00000000e7e00000|  0%| F|  |TAMS 0x00000000e7d00000, 0x00000000e7d00000| Untracked 
| 126|0x00000000e7e00000, 0x00000000e7e00000, 0x00000000e7f00000|  0%| F|  |TAMS 0x00000000e7e00000, 0x00000000e7e00000| Untracked 
| 127|0x00000000e7f00000, 0x00000000e7f00000, 0x00000000e8000000|  0%| F|  |TAMS 0x00000000e7f00000, 0x00000000e7f00000| Untracked 
| 128|0x00000000e8000000, 0x00000000e8000000, 0x00000000e8100000|  0%| F|  |TAMS 0x00000000e8000000, 0x00000000e8000000| Untracked 
| 129|0x00000000e8100000, 0x00000000e8100000, 0x00000000e8200000|  0%| F|  |TAMS 0x00000000e8100000, 0x00000000e8100000| Untracked 
| 130|0x00000000e8200000, 0x00000000e8200000, 0x00000000e8300000|  0%| F|  |TAMS 0x00000000e8200000, 0x00000000e8200000| Untracked 
| 131|0x00000000e8300000, 0x00000000e8300000, 0x00000000e8400000|  0%| F|  |TAMS 0x00000000e8300000, 0x00000000e8300000| Untracked 
| 132|0x00000000e8400000, 0x00000000e8400000, 0x00000000e8500000|  0%| F|  |TAMS 0x00000000e8400000, 0x00000000e8400000| Untracked 
| 133|0x00000000e8500000, 0x00000000e8500000, 0x00000000e8600000|  0%| F|  |TAMS 0x00000000e8500000, 0x00000000e8500000| Untracked 
| 134|0x00000000e8600000, 0x00000000e8600000, 0x00000000e8700000|  0%| F|  |TAMS 0x00000000e8600000, 0x00000000e8600000| Untracked 
| 135|0x00000000e8700000, 0x00000000e8700000, 0x00000000e8800000|  0%| F|  |TAMS 0x00000000e8700000, 0x00000000e8700000| Untracked 
| 136|0x00000000e8800000, 0x00000000e8800000, 0x00000000e8900000|  0%| F|  |TAMS 0x00000000e8800000, 0x00000000e8800000| Untracked 
| 137|0x00000000e8900000, 0x00000000e8900000, 0x00000000e8a00000|  0%| F|  |TAMS 0x00000000e8900000, 0x00000000e8900000| Untracked 
| 138|0x00000000e8a00000, 0x00000000e8a00000, 0x00000000e8b00000|  0%| F|  |TAMS 0x00000000e8a00000, 0x00000000e8a00000| Untracked 
| 139|0x00000000e8b00000, 0x00000000e8b00000, 0x00000000e8c00000|  0%| F|  |TAMS 0x00000000e8b00000, 0x00000000e8b00000| Untracked 
| 140|0x00000000e8c00000, 0x00000000e8c00000, 0x00000000e8d00000|  0%| F|  |TAMS 0x00000000e8c00000, 0x00000000e8c00000| Untracked 
| 141|0x00000000e8d00000, 0x00000000e8d00000, 0x00000000e8e00000|  0%| F|  |TAMS 0x00000000e8d00000, 0x00000000e8d00000| Untracked 
| 142|0x00000000e8e00000, 0x00000000e8e00000, 0x00000000e8f00000|  0%| F|  |TAMS 0x00000000e8e00000, 0x00000000e8e00000| Untracked 
| 143|0x00000000e8f00000, 0x00000000e8f00000, 0x00000000e9000000|  0%| F|  |TAMS 0x00000000e8f00000, 0x00000000e8f00000| Untracked 
| 144|0x00000000e9000000, 0x00000000e9000000, 0x00000000e9100000|  0%| F|  |TAMS 0x00000000e9000000, 0x00000000e9000000| Untracked 
| 145|0x00000000e9100000, 0x00000000e9100000, 0x00000000e9200000|  0%| F|  |TAMS 0x00000000e9100000, 0x00000000e9100000| Untracked 
| 146|0x00000000e9200000, 0x00000000e9200000, 0x00000000e9300000|  0%| F|  |TAMS 0x00000000e9200000, 0x00000000e9200000| Untracked 
| 147|0x00000000e9300000, 0x00000000e9300000, 0x00000000e9400000|  0%| F|  |TAMS 0x00000000e9300000, 0x00000000e9300000| Untracked 
| 148|0x00000000e9400000, 0x00000000e9400000, 0x00000000e9500000|  0%| F|  |TAMS 0x00000000e9400000, 0x00000000e9400000| Untracked 
| 149|0x00000000e9500000, 0x00000000e9500000, 0x00000000e9600000|  0%| F|  |TAMS 0x00000000e9500000, 0x00000000e9500000| Untracked 
| 150|0x00000000e9600000, 0x00000000e9600000, 0x00000000e9700000|  0%| F|  |TAMS 0x00000000e9600000, 0x00000000e9600000| Untracked 
| 151|0x00000000e9700000, 0x00000000e9700000, 0x00000000e9800000|  0%| F|  |TAMS 0x00000000e9700000, 0x00000000e9700000| Untracked 
| 152|0x00000000e9800000, 0x00000000e9800000, 0x00000000e9900000|  0%| F|  |TAMS 0x00000000e9800000, 0x00000000e9800000| Untracked 
| 153|0x00000000e9900000, 0x00000000e9900000, 0x00000000e9a00000|  0%| F|  |TAMS 0x00000000e9900000, 0x00000000e9900000| Untracked 
| 154|0x00000000e9a00000, 0x00000000e9a00000, 0x00000000e9b00000|  0%| F|  |TAMS 0x00000000e9a00000, 0x00000000e9a00000| Untracked 
| 155|0x00000000e9b00000, 0x00000000e9b00000, 0x00000000e9c00000|  0%| F|  |TAMS 0x00000000e9b00000, 0x00000000e9b00000| Untracked 
| 156|0x00000000e9c00000, 0x00000000e9c00000, 0x00000000e9d00000|  0%| F|  |TAMS 0x00000000e9c00000, 0x00000000e9c00000| Untracked 
| 157|0x00000000e9d00000, 0x00000000e9d00000, 0x00000000e9e00000|  0%| F|  |TAMS 0x00000000e9d00000, 0x00000000e9d00000| Untracked 
| 158|0x00000000e9e00000, 0x00000000e9e00000, 0x00000000e9f00000|  0%| F|  |TAMS 0x00000000e9e00000, 0x00000000e9e00000| Untracked 
| 159|0x00000000e9f00000, 0x00000000e9f00000, 0x00000000ea000000|  0%| F|  |TAMS 0x00000000e9f00000, 0x00000000e9f00000| Untracked 
| 160|0x00000000ea000000, 0x00000000ea000000, 0x00000000ea100000|  0%| F|  |TAMS 0x00000000ea000000, 0x00000000ea000000| Untracked 
| 161|0x00000000ea100000, 0x00000000ea100000, 0x00000000ea200000|  0%| F|  |TAMS 0x00000000ea100000, 0x00000000ea100000| Untracked 
| 162|0x00000000ea200000, 0x00000000ea200000, 0x00000000ea300000|  0%| F|  |TAMS 0x00000000ea200000, 0x00000000ea200000| Untracked 
| 163|0x00000000ea300000, 0x00000000ea300000, 0x00000000ea400000|  0%| F|  |TAMS 0x00000000ea300000, 0x00000000ea300000| Untracked 
| 164|0x00000000ea400000, 0x00000000ea400000, 0x00000000ea500000|  0%| F|  |TAMS 0x00000000ea400000, 0x00000000ea400000| Untracked 
| 165|0x00000000ea500000, 0x00000000ea500000, 0x00000000ea600000|  0%| F|  |TAMS 0x00000000ea500000, 0x00000000ea500000| Untracked 
| 166|0x00000000ea600000, 0x00000000ea600000, 0x00000000ea700000|  0%| F|  |TAMS 0x00000000ea600000, 0x00000000ea600000| Untracked 
| 167|0x00000000ea700000, 0x00000000ea700000, 0x00000000ea800000|  0%| F|  |TAMS 0x00000000ea700000, 0x00000000ea700000| Untracked 
| 168|0x00000000ea800000, 0x00000000ea800000, 0x00000000ea900000|  0%| F|  |TAMS 0x00000000ea800000, 0x00000000ea800000| Untracked 
| 169|0x00000000ea900000, 0x00000000ea900000, 0x00000000eaa00000|  0%| F|  |TAMS 0x00000000ea900000, 0x00000000ea900000| Untracked 
| 170|0x00000000eaa00000, 0x00000000eaa00000, 0x00000000eab00000|  0%| F|  |TAMS 0x00000000eaa00000, 0x00000000eaa00000| Untracked 
| 171|0x00000000eab00000, 0x00000000eab80c10, 0x00000000eac00000| 50%| E|  |TAMS 0x00000000eab00000, 0x00000000eab00000| Complete 
| 172|0x00000000eac00000, 0x00000000ead00000, 0x00000000ead00000|100%| E|CS|TAMS 0x00000000eac00000, 0x00000000eac00000| Complete 
| 173|0x00000000ead00000, 0x00000000eae00000, 0x00000000eae00000|100%| E|CS|TAMS 0x00000000ead00000, 0x00000000ead00000| Complete 
| 174|0x00000000eae00000, 0x00000000eaf00000, 0x00000000eaf00000|100%| E|CS|TAMS 0x00000000eae00000, 0x00000000eae00000| Complete 
| 175|0x00000000eaf00000, 0x00000000eb000000, 0x00000000eb000000|100%| E|CS|TAMS 0x00000000eaf00000, 0x00000000eaf00000| Complete 
| 176|0x00000000eb000000, 0x00000000eb100000, 0x00000000eb100000|100%| E|CS|TAMS 0x00000000eb000000, 0x00000000eb000000| Complete 
| 177|0x00000000eb100000, 0x00000000eb200000, 0x00000000eb200000|100%| E|CS|TAMS 0x00000000eb100000, 0x00000000eb100000| Complete 
| 178|0x00000000eb200000, 0x00000000eb300000, 0x00000000eb300000|100%| E|CS|TAMS 0x00000000eb200000, 0x00000000eb200000| Complete 
| 179|0x00000000eb300000, 0x00000000eb400000, 0x00000000eb400000|100%| E|CS|TAMS 0x00000000eb300000, 0x00000000eb300000| Complete 
| 180|0x00000000eb400000, 0x00000000eb500000, 0x00000000eb500000|100%| E|CS|TAMS 0x00000000eb400000, 0x00000000eb400000| Complete 
| 181|0x00000000eb500000, 0x00000000eb600000, 0x00000000eb600000|100%| E|CS|TAMS 0x00000000eb500000, 0x00000000eb500000| Complete 
| 182|0x00000000eb600000, 0x00000000eb700000, 0x00000000eb700000|100%| E|CS|TAMS 0x00000000eb600000, 0x00000000eb600000| Complete 
| 183|0x00000000eb700000, 0x00000000eb800000, 0x00000000eb800000|100%| E|CS|TAMS 0x00000000eb700000, 0x00000000eb700000| Complete 
| 184|0x00000000eb800000, 0x00000000eb900000, 0x00000000eb900000|100%| E|CS|TAMS 0x00000000eb800000, 0x00000000eb800000| Complete 
| 185|0x00000000eb900000, 0x00000000eba00000, 0x00000000eba00000|100%| E|CS|TAMS 0x00000000eb900000, 0x00000000eb900000| Complete 
| 186|0x00000000eba00000, 0x00000000ebb00000, 0x00000000ebb00000|100%| E|CS|TAMS 0x00000000eba00000, 0x00000000eba00000| Complete 
| 187|0x00000000ebb00000, 0x00000000ebc00000, 0x00000000ebc00000|100%| E|CS|TAMS 0x00000000ebb00000, 0x00000000ebb00000| Complete 
| 188|0x00000000ebc00000, 0x00000000ebd00000, 0x00000000ebd00000|100%| E|CS|TAMS 0x00000000ebc00000, 0x00000000ebc00000| Complete 
| 189|0x00000000ebd00000, 0x00000000ebe00000, 0x00000000ebe00000|100%| E|CS|TAMS 0x00000000ebd00000, 0x00000000ebd00000| Complete 
| 190|0x00000000ebe00000, 0x00000000ebf00000, 0x00000000ebf00000|100%| E|CS|TAMS 0x00000000ebe00000, 0x00000000ebe00000| Complete 
| 191|0x00000000ebf00000, 0x00000000ec000000, 0x00000000ec000000|100%| E|CS|TAMS 0x00000000ebf00000, 0x00000000ebf00000| Complete 
| 192|0x00000000ec000000, 0x00000000ec100000, 0x00000000ec100000|100%| E|CS|TAMS 0x00000000ec000000, 0x00000000ec000000| Complete 
| 193|0x00000000ec100000, 0x00000000ec200000, 0x00000000ec200000|100%| E|CS|TAMS 0x00000000ec100000, 0x00000000ec100000| Complete 
| 194|0x00000000ec200000, 0x00000000ec300000, 0x00000000ec300000|100%| E|CS|TAMS 0x00000000ec200000, 0x00000000ec200000| Complete 
| 195|0x00000000ec300000, 0x00000000ec400000, 0x00000000ec400000|100%| E|CS|TAMS 0x00000000ec300000, 0x00000000ec300000| Complete 
| 196|0x00000000ec400000, 0x00000000ec500000, 0x00000000ec500000|100%| E|CS|TAMS 0x00000000ec400000, 0x00000000ec400000| Complete 
| 197|0x00000000ec500000, 0x00000000ec600000, 0x00000000ec600000|100%| E|CS|TAMS 0x00000000ec500000, 0x00000000ec500000| Complete 
| 198|0x00000000ec600000, 0x00000000ec700000, 0x00000000ec700000|100%| E|CS|TAMS 0x00000000ec600000, 0x00000000ec600000| Complete 
| 199|0x00000000ec700000, 0x00000000ec800000, 0x00000000ec800000|100%| E|CS|TAMS 0x00000000ec700000, 0x00000000ec700000| Complete 
| 200|0x00000000ec800000, 0x00000000ec900000, 0x00000000ec900000|100%| E|CS|TAMS 0x00000000ec800000, 0x00000000ec800000| Complete 
| 201|0x00000000ec900000, 0x00000000eca00000, 0x00000000eca00000|100%| E|CS|TAMS 0x00000000ec900000, 0x00000000ec900000| Complete 
| 202|0x00000000eca00000, 0x00000000ecb00000, 0x00000000ecb00000|100%| E|CS|TAMS 0x00000000eca00000, 0x00000000eca00000| Complete 
| 203|0x00000000ecb00000, 0x00000000ecc00000, 0x00000000ecc00000|100%| E|CS|TAMS 0x00000000ecb00000, 0x00000000ecb00000| Complete 
| 204|0x00000000ecc00000, 0x00000000ecd00000, 0x00000000ecd00000|100%| E|CS|TAMS 0x00000000ecc00000, 0x00000000ecc00000| Complete 
| 205|0x00000000ecd00000, 0x00000000ece00000, 0x00000000ece00000|100%| E|CS|TAMS 0x00000000ecd00000, 0x00000000ecd00000| Complete 
| 206|0x00000000ece00000, 0x00000000ecf00000, 0x00000000ecf00000|100%| E|CS|TAMS 0x00000000ece00000, 0x00000000ece00000| Complete 
| 207|0x00000000ecf00000, 0x00000000ed000000, 0x00000000ed000000|100%| E|CS|TAMS 0x00000000ecf00000, 0x00000000ecf00000| Complete 
| 208|0x00000000ed000000, 0x00000000ed100000, 0x00000000ed100000|100%| E|CS|TAMS 0x00000000ed000000, 0x00000000ed000000| Complete 
| 209|0x00000000ed100000, 0x00000000ed200000, 0x00000000ed200000|100%| E|CS|TAMS 0x00000000ed100000, 0x00000000ed100000| Complete 
| 210|0x00000000ed200000, 0x00000000ed300000, 0x00000000ed300000|100%| E|CS|TAMS 0x00000000ed200000, 0x00000000ed200000| Complete 
| 211|0x00000000ed300000, 0x00000000ed400000, 0x00000000ed400000|100%| E|CS|TAMS 0x00000000ed300000, 0x00000000ed300000| Complete 
| 212|0x00000000ed400000, 0x00000000ed500000, 0x00000000ed500000|100%| E|CS|TAMS 0x00000000ed400000, 0x00000000ed400000| Complete 
| 213|0x00000000ed500000, 0x00000000ed600000, 0x00000000ed600000|100%| E|CS|TAMS 0x00000000ed500000, 0x00000000ed500000| Complete 
| 214|0x00000000ed600000, 0x00000000ed700000, 0x00000000ed700000|100%| E|CS|TAMS 0x00000000ed600000, 0x00000000ed600000| Complete 
| 215|0x00000000ed700000, 0x00000000ed800000, 0x00000000ed800000|100%| E|CS|TAMS 0x00000000ed700000, 0x00000000ed700000| Complete 
| 216|0x00000000ed800000, 0x00000000ed900000, 0x00000000ed900000|100%| E|CS|TAMS 0x00000000ed800000, 0x00000000ed800000| Complete 
| 217|0x00000000ed900000, 0x00000000eda00000, 0x00000000eda00000|100%| E|CS|TAMS 0x00000000ed900000, 0x00000000ed900000| Complete 
| 218|0x00000000eda00000, 0x00000000edb00000, 0x00000000edb00000|100%| E|CS|TAMS 0x00000000eda00000, 0x00000000eda00000| Complete 
| 219|0x00000000edb00000, 0x00000000edc00000, 0x00000000edc00000|100%| E|CS|TAMS 0x00000000edb00000, 0x00000000edb00000| Complete 
| 220|0x00000000edc00000, 0x00000000edd00000, 0x00000000edd00000|100%| E|CS|TAMS 0x00000000edc00000, 0x00000000edc00000| Complete 
| 221|0x00000000edd00000, 0x00000000ede00000, 0x00000000ede00000|100%| E|CS|TAMS 0x00000000edd00000, 0x00000000edd00000| Complete 
| 222|0x00000000ede00000, 0x00000000edf00000, 0x00000000edf00000|100%| E|CS|TAMS 0x00000000ede00000, 0x00000000ede00000| Complete 
| 223|0x00000000edf00000, 0x00000000ee000000, 0x00000000ee000000|100%| E|CS|TAMS 0x00000000edf00000, 0x00000000edf00000| Complete 
| 224|0x00000000ee000000, 0x00000000ee100000, 0x00000000ee100000|100%| E|CS|TAMS 0x00000000ee000000, 0x00000000ee000000| Complete 
| 225|0x00000000ee100000, 0x00000000ee200000, 0x00000000ee200000|100%| E|CS|TAMS 0x00000000ee100000, 0x00000000ee100000| Complete 
| 226|0x00000000ee200000, 0x00000000ee300000, 0x00000000ee300000|100%| E|CS|TAMS 0x00000000ee200000, 0x00000000ee200000| Complete 
| 227|0x00000000ee300000, 0x00000000ee3b4120, 0x00000000ee400000| 70%| S|CS|TAMS 0x00000000ee300000, 0x00000000ee300000| Complete 
| 228|0x00000000ee400000, 0x00000000ee500000, 0x00000000ee500000|100%| E|CS|TAMS 0x00000000ee400000, 0x00000000ee400000| Complete 
| 229|0x00000000ee500000, 0x00000000ee600000, 0x00000000ee600000|100%| E|CS|TAMS 0x00000000ee500000, 0x00000000ee500000| Complete 
| 230|0x00000000ee600000, 0x00000000ee700000, 0x00000000ee700000|100%| E|CS|TAMS 0x00000000ee600000, 0x00000000ee600000| Complete 
| 231|0x00000000ee700000, 0x00000000ee800000, 0x00000000ee800000|100%| E|CS|TAMS 0x00000000ee700000, 0x00000000ee700000| Complete 
| 232|0x00000000ee800000, 0x00000000ee900000, 0x00000000ee900000|100%| E|CS|TAMS 0x00000000ee800000, 0x00000000ee800000| Complete 
| 233|0x00000000ee900000, 0x00000000eea00000, 0x00000000eea00000|100%| E|CS|TAMS 0x00000000ee900000, 0x00000000ee900000| Complete 
| 234|0x00000000eea00000, 0x00000000eeb00000, 0x00000000eeb00000|100%| E|CS|TAMS 0x00000000eea00000, 0x00000000eea00000| Complete 
| 235|0x00000000eeb00000, 0x00000000eec00000, 0x00000000eec00000|100%| E|CS|TAMS 0x00000000eeb00000, 0x00000000eeb00000| Complete 
| 236|0x00000000eec00000, 0x00000000eed00000, 0x00000000eed00000|100%| E|CS|TAMS 0x00000000eec00000, 0x00000000eec00000| Complete 
| 237|0x00000000eed00000, 0x00000000eee00000, 0x00000000eee00000|100%| E|CS|TAMS 0x00000000eed00000, 0x00000000eed00000| Complete 
| 238|0x00000000eee00000, 0x00000000eef00000, 0x00000000eef00000|100%| E|CS|TAMS 0x00000000eee00000, 0x00000000eee00000| Complete 
| 239|0x00000000eef00000, 0x00000000ef000000, 0x00000000ef000000|100%| E|CS|TAMS 0x00000000eef00000, 0x00000000eef00000| Complete 
| 240|0x00000000ef000000, 0x00000000ef100000, 0x00000000ef100000|100%| E|CS|TAMS 0x00000000ef000000, 0x00000000ef000000| Complete 
| 241|0x00000000ef100000, 0x00000000ef200000, 0x00000000ef200000|100%| E|CS|TAMS 0x00000000ef100000, 0x00000000ef100000| Complete 
| 242|0x00000000ef200000, 0x00000000ef300000, 0x00000000ef300000|100%| E|CS|TAMS 0x00000000ef200000, 0x00000000ef200000| Complete 
| 243|0x00000000ef300000, 0x00000000ef400000, 0x00000000ef400000|100%| E|CS|TAMS 0x00000000ef300000, 0x00000000ef300000| Complete 
| 244|0x00000000ef400000, 0x00000000ef500000, 0x00000000ef500000|100%| E|CS|TAMS 0x00000000ef400000, 0x00000000ef400000| Complete 
| 245|0x00000000ef500000, 0x00000000ef600000, 0x00000000ef600000|100%| E|CS|TAMS 0x00000000ef500000, 0x00000000ef500000| Complete 
| 246|0x00000000ef600000, 0x00000000ef700000, 0x00000000ef700000|100%| E|CS|TAMS 0x00000000ef600000, 0x00000000ef600000| Complete 
| 247|0x00000000ef700000, 0x00000000ef800000, 0x00000000ef800000|100%| E|CS|TAMS 0x00000000ef700000, 0x00000000ef700000| Complete 
| 248|0x00000000ef800000, 0x00000000ef900000, 0x00000000ef900000|100%| E|CS|TAMS 0x00000000ef800000, 0x00000000ef800000| Complete 
| 249|0x00000000ef900000, 0x00000000efa00000, 0x00000000efa00000|100%| E|CS|TAMS 0x00000000ef900000, 0x00000000ef900000| Complete 
| 250|0x00000000efa00000, 0x00000000efb00000, 0x00000000efb00000|100%| E|CS|TAMS 0x00000000efa00000, 0x00000000efa00000| Complete 
| 251|0x00000000efb00000, 0x00000000efc00000, 0x00000000efc00000|100%| E|CS|TAMS 0x00000000efb00000, 0x00000000efb00000| Complete 
| 252|0x00000000efc00000, 0x00000000efd00000, 0x00000000efd00000|100%| E|CS|TAMS 0x00000000efc00000, 0x00000000efc00000| Complete 
| 253|0x00000000efd00000, 0x00000000efe00000, 0x00000000efe00000|100%| E|CS|TAMS 0x00000000efd00000, 0x00000000efd00000| Complete 
| 254|0x00000000efe00000, 0x00000000eff00000, 0x00000000eff00000|100%| E|CS|TAMS 0x00000000efe00000, 0x00000000efe00000| Complete 
| 255|0x00000000eff00000, 0x00000000f0000000, 0x00000000f0000000|100%| E|CS|TAMS 0x00000000eff00000, 0x00000000eff00000| Complete 

Card table byte_map: [0x0000020fa6bb0000,0x0000020fa6cb0000] _byte_map_base: 0x0000020fa64b0000

Marking Bits (Prev, Next): (CMBitMap*) 0x0000020f8ff00ae0, (CMBitMap*) 0x0000020f8ff00b20
 Prev Bits: [0x0000020fa6db0000, 0x0000020fa75b0000)
 Next Bits: [0x0000020fa75b0000, 0x0000020fa7db0000)

Polling page: 0x0000020f8de00000

Metaspace:

Usage:
  Non-class:     13.97 MB used.
      Class:      2.30 MB used.
       Both:     16.27 MB used.

Virtual space:
  Non-class space:       64.00 MB reserved,      14.12 MB ( 22%) committed,  1 nodes.
      Class space:      320.00 MB reserved,       2.44 MB ( <1%) committed,  1 nodes.
             Both:      384.00 MB reserved,      16.56 MB (  4%) committed. 

Chunk freelists:
   Non-Class:  1.83 MB
       Class:  13.58 MB
        Both:  15.40 MB

MaxMetaspaceSize: 384.00 MB
CompressedClassSpaceSize: 320.00 MB
Initial GC threshold: 21.00 MB
Current GC threshold: 21.00 MB
CDS: on
MetaspaceReclaimPolicy: balanced
 - commit_granule_bytes: 65536.
 - commit_granule_words: 8192.
 - virtual_space_node_default_size: 8388608.
 - enlarge_chunks_in_place: 1.
 - new_chunks_are_fully_committed: 0.
 - uncommit_free_chunks: 1.
 - use_allocation_guard: 0.
 - handle_deallocations: 1.


Internal statistics:

num_allocs_failed_limit: 0.
num_arena_births: 216.
num_arena_deaths: 0.
num_vsnodes_births: 2.
num_vsnodes_deaths: 0.
num_space_committed: 265.
num_space_uncommitted: 0.
num_chunks_returned_to_freelist: 0.
num_chunks_taken_from_freelist: 768.
num_chunk_merges: 0.
num_chunk_splits: 502.
num_chunks_enlarged: 367.
num_purges: 0.
num_inconsistent_stats: 0.

CodeHeap 'non-profiled nmethods': size=120000Kb used=1313Kb max_used=1313Kb free=118686Kb
 bounds [0x0000020f9f240000, 0x0000020f9f4b0000, 0x0000020fa6770000]
CodeHeap 'profiled nmethods': size=120000Kb used=5249Kb max_used=5249Kb free=114750Kb
 bounds [0x0000020f97770000, 0x0000020f97ca0000, 0x0000020f9eca0000]
CodeHeap 'non-nmethods': size=5760Kb used=1232Kb max_used=1307Kb free=4527Kb
 bounds [0x0000020f9eca0000, 0x0000020f9ef10000, 0x0000020f9f240000]
 total_blobs=3121 nmethods=2583 adapters=450
 compilation: enabled
              stopped_count=0, restarted_count=0
 full_count=0

Compilation events (20 events):
Event: 126.988 Thread 0x0000020faa7e69d0 nmethod 2578 0x0000020f97c88710 code [0x0000020f97c88900, 0x0000020f97c88e78]
Event: 126.992 Thread 0x0000020faa7e69d0 2579       3       java.nio.ByteBuffer::limit (6 bytes)
Event: 126.993 Thread 0x0000020faa7e69d0 nmethod 2579 0x0000020f97c89110 code [0x0000020f97c892c0, 0x0000020f97c89488]
Event: 127.095 Thread 0x0000020faa7e69d0 2580   !   3       org.gradle.internal.classloader.TransformingClassLoader::findClass (203 bytes)
Event: 127.102 Thread 0x0000020faa7e69d0 nmethod 2580 0x0000020f97c89510 code [0x0000020f97c899e0, 0x0000020f97c8bdd8]
Event: 127.102 Thread 0x0000020faa7e69d0 2581       3       java.lang.Package$VersionInfo::<init> (44 bytes)
Event: 127.103 Thread 0x0000020faa7e69d0 nmethod 2581 0x0000020f97c8cd90 code [0x0000020f97c8cf40, 0x0000020f97c8d338]
Event: 127.538 Thread 0x0000020faa7e4d70 2582       4       java.security.CodeSource::getCertificates (98 bytes)
Event: 127.540 Thread 0x0000020faa7e4d70 nmethod 2582 0x0000020f9f388190 code [0x0000020f9f388300, 0x0000020f9f3883b8]
Event: 127.555 Thread 0x0000020faa7e69d0 2583       3       jdk.internal.loader.AbstractClassLoaderValue::map (20 bytes)
Event: 127.556 Thread 0x0000020faa7e69d0 nmethod 2583 0x0000020f97c8d410 code [0x0000020f97c8d5c0, 0x0000020f97c8d8a8]
Event: 127.569 Thread 0x0000020faa7e69d0 2584       3       java.util.LinkedHashMap::<init> (10 bytes)
Event: 127.570 Thread 0x0000020faa7e69d0 nmethod 2584 0x0000020f97c8da10 code [0x0000020f97c8dbc0, 0x0000020f97c8ddf8]
Event: 127.744 Thread 0x0000020faa7e4d70 2585       4       javax.management.ObjectName::construct (1135 bytes)
Event: 127.985 Thread 0x0000020faa7e69d0 2587       3       jdk.internal.loader.AbstractClassLoaderValue$Sub::hashCode (19 bytes)
Event: 127.986 Thread 0x0000020faa7e69d0 nmethod 2587 0x0000020f97c8df10 code [0x0000020f97c8e0e0, 0x0000020f97c8e458]
Event: 128.235 Thread 0x0000020faa7e69d0 2588       3       jdk.internal.loader.AbstractClassLoaderValue::extractValue (17 bytes)
Event: 128.235 Thread 0x0000020faa7e69d0 nmethod 2588 0x0000020f97c8e590 code [0x0000020f97c8e740, 0x0000020f97c8eae8]
Event: 128.238 Thread 0x0000020faa7e69d0 2589       3       sun.reflect.annotation.AnnotationInvocationHandler::invoke (178 bytes)
Event: 128.244 Thread 0x0000020faa7e69d0 nmethod 2589 0x0000020f97c8ec10 code [0x0000020f97c8ef20, 0x0000020f97c90068]

GC Heap History (4 events):
Event: 11.522 GC heap before
{Heap before GC invocations=0 (full 0):
 garbage-first heap   total 262144K, used 26624K [0x00000000e0000000, 0x0000000100000000)
  region size 1024K, 23 young (23552K), 0 survivors (0K)
 Metaspace       used 3045K, committed 3136K, reserved 393216K
  class space    used 392K, committed 448K, reserved 327680K
}
Event: 11.566 GC heap after
{Heap after GC invocations=1 (full 0):
 garbage-first heap   total 262144K, used 10568K [0x00000000e0000000, 0x0000000100000000)
  region size 1024K, 3 young (3072K), 3 survivors (3072K)
 Metaspace       used 3045K, committed 3136K, reserved 393216K
  class space    used 392K, committed 448K, reserved 327680K
}
Event: 21.795 GC heap before
{Heap before GC invocations=1 (full 0):
 garbage-first heap   total 262144K, used 36168K [0x00000000e0000000, 0x0000000100000000)
  region size 1024K, 28 young (28672K), 3 survivors (3072K)
 Metaspace       used 3972K, committed 4160K, reserved 393216K
  class space    used 489K, committed 576K, reserved 327680K
}
Event: 21.823 GC heap after
{Heap after GC invocations=2 (full 0):
 garbage-first heap   total 262144K, used 11458K [0x00000000e0000000, 0x0000000100000000)
  region size 1024K, 1 young (1024K), 1 survivors (1024K)
 Metaspace       used 3972K, committed 4160K, reserved 393216K
  class space    used 489K, committed 576K, reserved 327680K
}

Deoptimization events (20 events):
Event: 120.585 Thread 0x0000020faa97b200 Uncommon trap: trap_request=0xffffff45 fr.pc=0x0000020f9f2b999c relative=0x00000000000005fc
Event: 120.585 Thread 0x0000020faa97b200 Uncommon trap: reason=unstable_if action=reinterpret pc=0x0000020f9f2b999c method=java.io.File.getName()Ljava/lang/String; @ 16 c2
Event: 120.585 Thread 0x0000020faa97b200 DEOPT PACKING pc=0x0000020f9f2b999c sp=0x000000a50d9fb270
Event: 120.585 Thread 0x0000020faa97b200 DEOPT UNPACKING pc=0x0000020f9ecf23a3 sp=0x000000a50d9fb240 mode 2
Event: 122.111 Thread 0x0000020faa97b200 Uncommon trap: trap_request=0xffffff45 fr.pc=0x0000020f9f267104 relative=0x00000000000000e4
Event: 122.111 Thread 0x0000020faa97b200 Uncommon trap: reason=unstable_if action=reinterpret pc=0x0000020f9f267104 method=java.util.HashMap.hash(Ljava/lang/Object;)I @ 1 c2
Event: 122.111 Thread 0x0000020faa97b200 DEOPT PACKING pc=0x0000020f9f267104 sp=0x000000a50d9fbfe0
Event: 122.111 Thread 0x0000020faa97b200 DEOPT UNPACKING pc=0x0000020f9ecf23a3 sp=0x000000a50d9fbf20 mode 2
Event: 123.816 Thread 0x0000020faa97b200 Uncommon trap: trap_request=0xffffff45 fr.pc=0x0000020f9f2d29fc relative=0x000000000000075c
Event: 123.964 Thread 0x0000020faa97b200 Uncommon trap: reason=unstable_if action=reinterpret pc=0x0000020f9f2d29fc method=java.util.ArrayList.grow(I)[Ljava/lang/Object; @ 17 c2
Event: 123.964 Thread 0x0000020faa97b200 DEOPT PACKING pc=0x0000020f9f2d29fc sp=0x000000a50d9fcbd0
Event: 123.964 Thread 0x0000020faa97b200 DEOPT UNPACKING pc=0x0000020f9ecf23a3 sp=0x000000a50d9fca68 mode 2
Event: 126.593 Thread 0x0000020fc56a3ac0 Uncommon trap: trap_request=0xffffff45 fr.pc=0x0000020f9f282f24 relative=0x0000000000000664
Event: 126.593 Thread 0x0000020fc56a3ac0 Uncommon trap: reason=unstable_if action=reinterpret pc=0x0000020f9f282f24 method=java.lang.AbstractStringBuilder.append(Ljava/lang/String;)Ljava/lang/AbstractStringBuilder; @ 1 c2
Event: 126.593 Thread 0x0000020fc56a3ac0 DEOPT PACKING pc=0x0000020f9f282f24 sp=0x000000a50f6feb10
Event: 126.593 Thread 0x0000020fc56a3ac0 DEOPT UNPACKING pc=0x0000020f9ecf23a3 sp=0x000000a50f6fea90 mode 2
Event: 126.594 Thread 0x0000020fc56a3ac0 Uncommon trap: trap_request=0xffffff45 fr.pc=0x0000020f9f2a1524 relative=0x0000000000000664
Event: 126.594 Thread 0x0000020fc56a3ac0 Uncommon trap: reason=unstable_if action=reinterpret pc=0x0000020f9f2a1524 method=java.lang.AbstractStringBuilder.append(Ljava/lang/String;)Ljava/lang/AbstractStringBuilder; @ 1 c2
Event: 126.594 Thread 0x0000020fc56a3ac0 DEOPT PACKING pc=0x0000020f9f2a1524 sp=0x000000a50f6feaa0
Event: 126.594 Thread 0x0000020fc56a3ac0 DEOPT UNPACKING pc=0x0000020f9ecf23a3 sp=0x000000a50f6fea88 mode 2

Classes unloaded (0 events):
No events

Classes redefined (0 events):
No events

Internal exceptions (20 events):
Event: 117.383 Thread 0x0000020faa97b200 Exception <a 'java/lang/NoSuchMethodError'{0x00000000ec619920}: 'java.lang.Object java.lang.invoke.Invokers$Holder.invoker(java.lang.Object, java.lang.Object, java.lang.Object, java.lang.Object, java.lang.Object, java.lang.Object, java.lang.Object, java.lang.Object, java.lang.Object, java.lang.Object)'> (0x00000000ec619920) 
thrown [s\open\src\hotspot\share\interpreter\linkResolver.cpp, line 759]
Event: 117.386 Thread 0x0000020faa97b200 Exception <a 'java/lang/NoSuchMethodError'{0x00000000ec61f4a8}: 'java.lang.Object java.lang.invoke.DirectMethodHandle$Holder.invokeSpecial(java.lang.Object, java.lang.Object, java.lang.Object, java.lang.Object, java.lang.Object, java.lang.Object, java.lang.Object, java.lang.Object, java.lang.Object, java.lang.Object, java.lang.Object)'> (0x00000000ec61f4a8) 
thrown [s\open\src\hotspot\share\interpreter\linkResolver.cpp, line 759]
Event: 118.041 Thread 0x0000020faa97b200 Exception <a 'java/lang/NoSuchMethodError'{0x00000000ec1e28c0}: 'void java.lang.invoke.DirectMethodHandle$Holder.invokeStaticInit(java.lang.Object)'> (0x00000000ec1e28c0) 
thrown [s\open\src\hotspot\share\interpreter\linkResolver.cpp, line 759]
Event: 118.120 Thread 0x0000020faa97b200 Exception <a 'java/lang/NoSuchMethodError'{0x00000000ec099cb0}: 'java.lang.Object java.lang.invoke.DirectMethodHandle$Holder.newInvokeSpecial(java.lang.Object, java.lang.Object, java.lang.Object, int)'> (0x00000000ec099cb0) 
thrown [s\open\src\hotspot\share\interpreter\linkResolver.cpp, line 759]
Event: 118.134 Thread 0x0000020faa97b200 Exception <a 'java/lang/NoSuchMethodError'{0x00000000ec09e5e0}: 'java.lang.Object java.lang.invoke.DirectMethodHandle$Holder.invokeSpecial(java.lang.Object, java.lang.Object, java.lang.Object, java.lang.Object, int)'> (0x00000000ec09e5e0) 
thrown [s\open\src\hotspot\share\interpreter\linkResolver.cpp, line 759]
Event: 118.135 Thread 0x0000020faa97b200 Exception <a 'java/lang/NoSuchMethodError'{0x00000000ec0a26f8}: 'java.lang.Object java.lang.invoke.Invokers$Holder.linkToTargetMethod(java.lang.Object, java.lang.Object, int, java.lang.Object)'> (0x00000000ec0a26f8) 
thrown [s\open\src\hotspot\share\interpreter\linkResolver.cpp, line 759]
Event: 120.882 Thread 0x0000020faa97b200 Exception <a 'java/lang/NoSuchMethodError'{0x00000000ebbc23f0}: 'int java.lang.invoke.DirectMethodHandle$Holder.invokeVirtual(java.lang.Object, java.lang.Object, java.lang.Object)'> (0x00000000ebbc23f0) 
thrown [s\open\src\hotspot\share\interpreter\linkResolver.cpp, line 759]
Event: 121.425 Thread 0x0000020faa97b200 Exception <a 'java/lang/NoSuchMethodError'{0x00000000ebac8db0}: 'int java.lang.invoke.DirectMethodHandle$Holder.invokeSpecialIFC(java.lang.Object, java.lang.Object, java.lang.Object, java.lang.Object)'> (0x00000000ebac8db0) 
thrown [s\open\src\hotspot\share\interpreter\linkResolver.cpp, line 759]
Event: 121.583 Thread 0x0000020faa97b200 Exception <a 'java/lang/NoSuchMethodError'{0x00000000ebad7c20}: 'java.lang.Object java.lang.invoke.DirectMethodHandle$Holder.invokeInterface(java.lang.Object, java.lang.Object, java.lang.Object)'> (0x00000000ebad7c20) 
thrown [s\open\src\hotspot\share\interpreter\linkResolver.cpp, line 759]
Event: 121.584 Thread 0x0000020faa97b200 Exception <a 'java/lang/IncompatibleClassChangeError'{0x00000000ebadb838}: Found class java.lang.Object, but interface was expected> (0x00000000ebadb838) 
thrown [s\open\src\hotspot\share\interpreter\linkResolver.cpp, line 826]
Event: 122.111 Thread 0x0000020faa97b200 Implicit null exception at 0x0000020f9f267060 to 0x0000020f9f2670fa
Event: 122.727 Thread 0x0000020faa97b200 Exception <a 'java/lang/NoSuchMethodError'{0x00000000eb72c0f8}: 'int java.lang.invoke.DirectMethodHandle$Holder.invokeStatic(java.lang.Object, java.lang.Object, java.lang.Object, java.lang.Object)'> (0x00000000eb72c0f8) 
thrown [s\open\src\hotspot\share\interpreter\linkResolver.cpp, line 759]
Event: 122.729 Thread 0x0000020faa97b200 Exception <a 'java/lang/NoSuchMethodError'{0x00000000eb72fd20}: 'java.lang.Object java.lang.invoke.Invokers$Holder.invokeExact_MT(java.lang.Object, java.lang.Object, java.lang.Object, java.lang.Object, java.lang.Object, java.lang.Object)'> (0x00000000eb72fd20) 
thrown [s\open\src\hotspot\share\interpreter\linkResolver.cpp, line 759]
Event: 125.589 Thread 0x0000020faa97b200 Exception <a 'java/lang/IncompatibleClassChangeError'{0x00000000eb42f630}: Found class java.lang.Object, but interface was expected> (0x00000000eb42f630) 
thrown [s\open\src\hotspot\share\interpreter\linkResolver.cpp, line 826]
Event: 126.533 Thread 0x0000020fc4507b90 Exception <a 'java/lang/NoSuchMethodError'{0x00000000ed4bf9f8}: static Lorg/gradle/internal/build/event/types/DefaultOperationStartedProgressEvent;.<clinit>()V> (0x00000000ed4bf9f8) 
thrown [s\open\src\hotspot\share\prims\jni.cpp, line 1107]
Event: 126.540 Thread 0x0000020fc4507b90 Exception <a 'java/lang/NoSuchMethodError'{0x00000000ed4c1a80}: static Lorg/gradle/internal/build/event/types/AbstractProgressEvent;.<clinit>()V> (0x00000000ed4c1a80) 
thrown [s\open\src\hotspot\share\prims\jni.cpp, line 1107]
Event: 126.545 Thread 0x0000020fc4507b90 Exception <a 'java/lang/NoSuchMethodError'{0x00000000ed4cab30}: static Lorg/gradle/internal/build/event/types/DefaultOperationDescriptor;.<clinit>()V> (0x00000000ed4cab30) 
thrown [s\open\src\hotspot\share\prims\jni.cpp, line 1107]
Event: 126.593 Thread 0x0000020fc56a3ac0 Implicit null exception at 0x0000020f9f2828f2 to 0x0000020f9f282f0c
Event: 126.594 Thread 0x0000020fc56a3ac0 Implicit null exception at 0x0000020f9f2a0ef2 to 0x0000020f9f2a150c
Event: 126.672 Thread 0x0000020fc4507b90 Exception <a 'java/lang/NoSuchMethodError'{0x00000000ed4e18d8}: static Lorg/gradle/internal/operations/OperationIdentifier;.<clinit>()V> (0x00000000ed4e18d8) 
thrown [s\open\src\hotspot\share\prims\jni.cpp, line 1107]

VM Operations (20 events):
Event: 120.604 Executing VM operation: HandshakeAllThreads
Event: 120.604 Executing VM operation: HandshakeAllThreads done
Event: 120.605 Executing VM operation: HandshakeAllThreads
Event: 120.606 Executing VM operation: HandshakeAllThreads done
Event: 121.621 Executing VM operation: Cleanup
Event: 121.761 Executing VM operation: Cleanup done
Event: 122.769 Executing VM operation: Cleanup
Event: 122.945 Executing VM operation: Cleanup done
Event: 124.726 Executing VM operation: HandshakeAllThreads
Event: 124.727 Executing VM operation: HandshakeAllThreads done
Event: 124.727 Executing VM operation: Cleanup
Event: 124.739 Executing VM operation: Cleanup done
Event: 125.046 Executing VM operation: HandshakeAllThreads
Event: 125.046 Executing VM operation: HandshakeAllThreads done
Event: 126.057 Executing VM operation: Cleanup
Event: 126.058 Executing VM operation: Cleanup done
Event: 126.818 Executing VM operation: HandshakeAllThreads
Event: 126.818 Executing VM operation: HandshakeAllThreads done
Event: 127.847 Executing VM operation: Cleanup
Event: 127.872 Executing VM operation: Cleanup done

Events (20 events):
Event: 126.532 loading class java/io/ObjectStreamClass$3
Event: 126.533 loading class java/io/ObjectStreamClass$3 done
Event: 126.533 loading class java/io/ObjectStreamClass$4
Event: 126.533 loading class java/io/ObjectStreamClass$4 done
Event: 126.533 loading class java/io/ObjectStreamClass$5
Event: 126.534 loading class java/io/ObjectStreamClass$5 done
Event: 126.541 loading class java/io/ObjectStreamClass$ClassDataSlot
Event: 126.541 loading class java/io/ObjectStreamClass$ClassDataSlot done
Event: 126.546 loading class jdk/internal/reflect/UnsafeQualifiedStaticLongFieldAccessorImpl
Event: 126.546 loading class jdk/internal/reflect/UnsafeQualifiedStaticLongFieldAccessorImpl done
Event: 126.548 loading class java/io/UnsupportedEncodingException
Event: 126.549 loading class java/io/UnsupportedEncodingException done
Event: 126.550 loading class java/nio/charset/CharacterCodingException
Event: 126.550 loading class java/nio/charset/CharacterCodingException done
Event: 127.378 loading class java/util/function/LongFunction
Event: 127.378 loading class java/util/function/LongFunction done
Event: 127.993 loading class java/security/InvalidKeyException
Event: 127.993 loading class java/security/KeyException
Event: 127.993 loading class java/security/KeyException done
Event: 127.993 loading class java/security/InvalidKeyException done


Dynamic libraries:
0x00007ff655d30000 - 0x00007ff655d40000 	C:\Program Files\Java\jdk-17\bin\java.exe
0x00007ff903630000 - 0x00007ff903846000 	C:\Windows\SYSTEM32\ntdll.dll
0x00007ff903510000 - 0x00007ff9035d4000 	C:\Windows\System32\KERNEL32.DLL
0x00007ff900950000 - 0x00007ff900cf7000 	C:\Windows\System32\KERNELBASE.dll
0x00007ff901210000 - 0x00007ff901321000 	C:\Windows\System32\ucrtbase.dll
0x00007ff8fd7c0000 - 0x00007ff8fd7d9000 	C:\Program Files\Java\jdk-17\bin\jli.dll
0x00007ff901f40000 - 0x00007ff901ff2000 	C:\Windows\System32\ADVAPI32.dll
0x00007ff901360000 - 0x00007ff901407000 	C:\Windows\System32\msvcrt.dll
0x00007ff9016d0000 - 0x00007ff901778000 	C:\Windows\System32\sechost.dll
0x00007ff901330000 - 0x00007ff901358000 	C:\Windows\System32\bcrypt.dll
0x00007ff902300000 - 0x00007ff902415000 	C:\Windows\System32\RPCRT4.dll
0x00007ff8fba60000 - 0x00007ff8fba7b000 	C:\Program Files\Java\jdk-17\bin\VCRUNTIME140.dll
0x00007ff901d90000 - 0x00007ff901f3e000 	C:\Windows\System32\USER32.dll
0x00007ff9011e0000 - 0x00007ff901206000 	C:\Windows\System32\win32u.dll
0x00007ff902d10000 - 0x00007ff902d39000 	C:\Windows\System32\GDI32.dll
0x00007ff900f90000 - 0x00007ff9010a9000 	C:\Windows\System32\gdi32full.dll
0x00007ff900d00000 - 0x00007ff900d9a000 	C:\Windows\System32\msvcp_win.dll
0x00007ff8e7c20000 - 0x00007ff8e7eb3000 	C:\Windows\WinSxS\amd64_microsoft.windows.common-controls_6595b64144ccf1df_6.0.22621.3235_none_270f74e173860f98\COMCTL32.dll
0x00007ff8f8b70000 - 0x00007ff8f8b7a000 	C:\Windows\SYSTEM32\VERSION.dll
0x00007ff9022c0000 - 0x00007ff9022f1000 	C:\Windows\System32\IMM32.DLL
0x00007ff8fb7e0000 - 0x00007ff8fb7ec000 	C:\Program Files\Java\jdk-17\bin\vcruntime140_1.dll
0x00007ff8e9710000 - 0x00007ff8e979e000 	C:\Program Files\Java\jdk-17\bin\msvcp140.dll
0x00007ff8bf650000 - 0x00007ff8c022e000 	C:\Program Files\Java\jdk-17\bin\server\jvm.dll
0x00007ff9021b0000 - 0x00007ff9021b8000 	C:\Windows\System32\PSAPI.DLL
0x00007ff8f8b30000 - 0x00007ff8f8b64000 	C:\Windows\SYSTEM32\WINMM.dll
0x00007ff8f9010000 - 0x00007ff8f9019000 	C:\Windows\SYSTEM32\WSOCK32.dll
0x00007ff902da0000 - 0x00007ff902e11000 	C:\Windows\System32\WS2_32.dll
0x00007ff8ff950000 - 0x00007ff8ff968000 	C:\Windows\SYSTEM32\kernel.appcore.dll
0x00007ff8fb7d0000 - 0x00007ff8fb7da000 	C:\Program Files\Java\jdk-17\bin\jimage.dll
0x00007ff8fe240000 - 0x00007ff8fe473000 	C:\Windows\SYSTEM32\DBGHELP.DLL
0x00007ff903180000 - 0x00007ff903508000 	C:\Windows\System32\combase.dll
0x00007ff902ff0000 - 0x00007ff9030c7000 	C:\Windows\System32\OLEAUT32.dll
0x00007ff8e2a40000 - 0x00007ff8e2a72000 	C:\Windows\SYSTEM32\dbgcore.DLL
0x00007ff900f10000 - 0x00007ff900f89000 	C:\Windows\System32\bcryptPrimitives.dll
0x00007ff8f9fb0000 - 0x00007ff8f9fbe000 	C:\Program Files\Java\jdk-17\bin\instrument.dll
0x00007ff8f5f90000 - 0x00007ff8f5fb5000 	C:\Program Files\Java\jdk-17\bin\java.dll
0x00007ff8e9630000 - 0x00007ff8e9707000 	C:\Program Files\Java\jdk-17\bin\jsvml.dll
0x00007ff9024b0000 - 0x00007ff902d0c000 	C:\Windows\System32\SHELL32.dll
0x00007ff8fe860000 - 0x00007ff8ff159000 	C:\Windows\SYSTEM32\windows.storage.dll
0x00007ff8fe720000 - 0x00007ff8fe85e000 	C:\Windows\SYSTEM32\wintypes.dll
0x00007ff901c70000 - 0x00007ff901d63000 	C:\Windows\System32\SHCORE.dll
0x00007ff902d40000 - 0x00007ff902d9e000 	C:\Windows\System32\shlwapi.dll
0x00007ff900880000 - 0x00007ff9008a1000 	C:\Windows\SYSTEM32\profapi.dll
0x00007ff8f6820000 - 0x00007ff8f6838000 	C:\Program Files\Java\jdk-17\bin\zip.dll
0x00007ff8ec680000 - 0x00007ff8ec699000 	C:\Program Files\Java\jdk-17\bin\net.dll
0x00007ff8f90b0000 - 0x00007ff8f91e6000 	C:\Windows\SYSTEM32\WINHTTP.dll
0x00007ff8ffdc0000 - 0x00007ff8ffe29000 	C:\Windows\system32\mswsock.dll
0x00007ff8ebab0000 - 0x00007ff8ebac6000 	C:\Program Files\Java\jdk-17\bin\nio.dll
0x00007ff8f9f70000 - 0x00007ff8f9f80000 	C:\Program Files\Java\jdk-17\bin\verify.dll
0x00007ff8e9c20000 - 0x00007ff8e9c47000 	C:\Users\phgss\.gradle\native\c067742578af261105cb4f569cf0c3c89f3d7b1fecec35dd04571415982c5e48\windows-amd64\native-platform.dll
0x00007ff8e7f30000 - 0x00007ff8e8074000 	C:\Users\phgss\.gradle\native\38dada09dfb8b06ba9b0570ebf7e218e3eb74d4ef43ca46872605cf95ebc2f47\windows-amd64\native-platform-file-events.dll
0x00007ff8f9990000 - 0x00007ff8f999a000 	C:\Program Files\Java\jdk-17\bin\management.dll
0x00007ff8f8e00000 - 0x00007ff8f8e0b000 	C:\Program Files\Java\jdk-17\bin\management_ext.dll
0x00007ff8fffe0000 - 0x00007ff8ffffb000 	C:\Windows\SYSTEM32\CRYPTSP.dll
0x00007ff8ff8b0000 - 0x00007ff8ff8e5000 	C:\Windows\system32\rsaenh.dll
0x00007ff8ffe80000 - 0x00007ff8ffea8000 	C:\Windows\SYSTEM32\USERENV.dll
0x00007ff900000000 - 0x00007ff90000c000 	C:\Windows\SYSTEM32\CRYPTBASE.dll
0x00007ff8ff3c0000 - 0x00007ff8ff3ed000 	C:\Windows\SYSTEM32\IPHLPAPI.DLL
0x00007ff9022b0000 - 0x00007ff9022b9000 	C:\Windows\System32\NSI.dll
0x00007ff8f9210000 - 0x00007ff8f9229000 	C:\Windows\SYSTEM32\dhcpcsvc6.DLL
0x00007ff8f9050000 - 0x00007ff8f906f000 	C:\Windows\SYSTEM32\dhcpcsvc.DLL
0x00007ff8ff430000 - 0x00007ff8ff529000 	C:\Windows\SYSTEM32\DNSAPI.dll
0x00007ff8eca00000 - 0x00007ff8eca0e000 	C:\Program Files\Java\jdk-17\bin\sunmscapi.dll
0x00007ff900da0000 - 0x00007ff900f07000 	C:\Windows\System32\CRYPT32.dll
0x00007ff9002a0000 - 0x00007ff9002ce000 	C:\Windows\SYSTEM32\ncrypt.dll
0x00007ff900260000 - 0x00007ff900297000 	C:\Windows\SYSTEM32\NTASN1.dll
0x00007ff896ec0000 - 0x00007ff896ec8000 	C:\Windows\system32\wshunix.dll

dbghelp: loaded successfully - version: 4.0.5 - missing functions: none
symbol engine: initialized successfully - sym options: 0x614 - pdb path: .;C:\Program Files\Java\jdk-17\bin;C:\Windows\SYSTEM32;C:\Windows\WinSxS\amd64_microsoft.windows.common-controls_6595b64144ccf1df_6.0.22621.3235_none_270f74e173860f98;C:\Program Files\Java\jdk-17\bin\server;C:\Users\phgss\.gradle\native\c067742578af261105cb4f569cf0c3c89f3d7b1fecec35dd04571415982c5e48\windows-amd64;C:\Users\phgss\.gradle\native\38dada09dfb8b06ba9b0570ebf7e218e3eb74d4ef43ca46872605cf95ebc2f47\windows-amd64

VM Arguments:
jvm_args: --add-opens=java.base/java.util=ALL-UNNAMED --add-opens=java.base/java.lang=ALL-UNNAMED --add-opens=java.base/java.lang.invoke=ALL-UNNAMED --add-opens=java.prefs/java.util.prefs=ALL-UNNAMED --add-opens=java.base/java.nio.charset=ALL-UNNAMED --add-opens=java.base/java.net=ALL-UNNAMED --add-opens=java.base/java.util.concurrent.atomic=ALL-UNNAMED -XX:MaxMetaspaceSize=384m -XX:+HeapDumpOnOutOfMemoryError -Xms256m -Xmx512m -Dfile.encoding=windows-1252 -Duser.country=US -Duser.language=en -Duser.variant -javaagent:C:\Users\phgss\.gradle\wrapper\dists\gradle-8.6-bin\afr5mpiioh2wthjmwnkmdsd5w\gradle-8.6\lib\agents\gradle-instrumentation-agent-8.6.jar 
java_command: org.gradle.launcher.daemon.bootstrap.GradleDaemon 8.6
java_class_path (initial): C:\Users\phgss\.gradle\wrapper\dists\gradle-8.6-bin\afr5mpiioh2wthjmwnkmdsd5w\gradle-8.6\lib\gradle-launcher-8.6.jar
Launcher Type: SUN_STANDARD

[Global flags]
     intx CICompilerCount                          = 4                                         {product} {ergonomic}
   size_t CompressedClassSpaceSize                 = 335544320                                 {product} {ergonomic}
     uint ConcGCThreads                            = 2                                         {product} {ergonomic}
     uint G1ConcRefinementThreads                  = 8                                         {product} {ergonomic}
   size_t G1HeapRegionSize                         = 1048576                                   {product} {ergonomic}
    uintx GCDrainStackTargetSize                   = 64                                        {product} {ergonomic}
     bool HeapDumpOnOutOfMemoryError               = true                                   {manageable} {command line}
   size_t InitialHeapSize                          = 268435456                                 {product} {command line}
   size_t MarkStackSize                            = 4194304                                   {product} {ergonomic}
   size_t MaxHeapSize                              = 536870912                                 {product} {command line}
   size_t MaxMetaspaceSize                         = 402653184                                 {product} {command line}
   size_t MaxNewSize                               = 321912832                                 {product} {ergonomic}
   size_t MinHeapDeltaBytes                        = 1048576                                   {product} {ergonomic}
   size_t MinHeapSize                              = 268435456                                 {product} {command line}
    uintx NonNMethodCodeHeapSize                   = 5839372                                {pd product} {ergonomic}
    uintx NonProfiledCodeHeapSize                  = 122909434                              {pd product} {ergonomic}
    uintx ProfiledCodeHeapSize                     = 122909434                              {pd product} {ergonomic}
    uintx ReservedCodeCacheSize                    = 251658240                              {pd product} {ergonomic}
     bool SegmentedCodeCache                       = true                                      {product} {ergonomic}
   size_t SoftMaxHeapSize                          = 536870912                              {manageable} {ergonomic}
     bool UseCompressedClassPointers               = true                           {product lp64_product} {ergonomic}
     bool UseCompressedOops                        = true                           {product lp64_product} {ergonomic}
     bool UseG1GC                                  = true                                      {product} {ergonomic}
     bool UseLargePagesIndividualAllocation        = false                                  {pd product} {ergonomic}

Logging:
Log output configuration:
 #0: stdout all=warning uptime,level,tags
 #1: stderr all=off uptime,level,tags

Environment Variables:
JAVA_HOME=C:\Program Files\Java\jdk-17
PATH=C:\Program Files\Common Files\Oracle\Java\javapath;C:\Windows\system32;C:\Windows;C:\Windows\System32\Wbem;C:\Windows\System32\WindowsPowerShell\v1.0\;C:\Windows\System32\OpenSSH\;C:\Program Files\nodejs\;C:\Program Files\Microsoft SQL Server\150\Tools\Binn\;C:\Program Files\dotnet\;C:\Program Files\Git\cmd;E:\matlab\bin;C:\Program Files\Java\jdk-17\bin;;C:\Program Files\Docker\Docker\resources\bin;C:\Users\phgss\.console-ninja\.bin;C:\Users\phgss\AppData\Local\Microsoft\WindowsApps;C:\Users\phgss\AppData\Local\Programs\Microsoft VS Code\bin;C:\Users\phgss\AppData\Local\GitHubDesktop\bin;C:\Users\phgss\AppData\Roaming\npm;C:\Program Files\JetBrains\IntelliJ IDEA 2023.2.1\bin;;C:\Program Files\Java\jdk-17\bin;C:\Users\phgss\AppData\Local\Android\Sdk\platform-tools;
USERNAME=phgss
OS=Windows_NT
PROCESSOR_IDENTIFIER=Intel64 Family 6 Model 142 Stepping 12, GenuineIntel



---------------  S Y S T E M  ---------------

OS:
 Windows 11 , 64 bit Build 22621 (10.0.22621.3374)
OS uptime: 0 days 0:41 hours
Hyper-V role detected

CPU: total 8 (initial active 8) (4 cores per cpu, 2 threads per core) family 6 model 142 stepping 12 microcode 0xde, cx8, cmov, fxsr, ht, mmx, 3dnowpref, sse, sse2, sse3, ssse3, sse4.1, sse4.2, popcnt, lzcnt, tsc, tscinvbit, avx, avx2, aes, erms, clmul, bmi1, bmi2, adx, fma, vzeroupper, clflush, clflushopt, hv

Memory: 4k page, system-wide physical 8043M (315M free)
TotalPageFile size 20543M (AvailPageFile size 31M)
current process WorkingSet (physical memory assigned to process): 163M, peak: 181M
current process commit charge ("private bytes"): 396M, peak: 412M

vm_info: Java HotSpot(TM) 64-Bit Server VM (17.0.8+9-LTS-211) for windows-amd64 JRE (17.0.8+9-LTS-211), built on Jun 14 2023 10:34:31 by "mach5one" with MS VC++ 17.1 (VS2022)

END.
